<?xml version="1.0" encoding="UTF-8"?>
<testsuite xmlns:xsi="http://www.w3.org/2001/XMLSchema-instance" xsi:noNamespaceSchemaLocation="https://maven.apache.org/surefire/maven-surefire-plugin/xsd/surefire-test-report.xsd" name="com.tech.fearless.AppTest" time="0.037" tests="1" errors="0" skipped="0" failures="0">
  <properties>
    <property name="sun.desktop" value="windows"/>
    <property name="awt.toolkit" value="sun.awt.windows.WToolkit"/>
    <property name="file.encoding.pkg" value="sun.io"/>
    <property name="java.specification.version" value="1.8"/>
    <property name="sun.cpu.isalist" value="amd64"/>
    <property name="sun.jnu.encoding" value="GBK"/>
    <property name="java.class.path" value="D:\myCode\tech-fearless\mybatis-code\target\test-classes;D:\myCode\tech-fearless\mybatis-code\target\classes;D:\java_jar\repository\junit\junit\4.11\junit-4.11.jar;D:\java_jar\repository\org\hamcrest\hamcrest-core\1.3\hamcrest-core-1.3.jar;D:\java_jar\repository\org\springframework\spring-core\4.2.6.RELEASE\spring-core-4.2.6.RELEASE.jar;D:\java_jar\repository\commons-logging\commons-logging\1.2\commons-logging-1.2.jar;D:\java_jar\repository\org\springframework\spring-web\4.2.6.RELEASE\spring-web-4.2.6.RELEASE.jar;D:\java_jar\repository\org\springframework\spring-beans\4.2.6.RELEASE\spring-beans-4.2.6.RELEASE.jar;D:\java_jar\repository\org\springframework\spring-context\4.2.6.RELEASE\spring-context-4.2.6.RELEASE.jar;D:\java_jar\repository\org\springframework\spring-oxm\4.2.6.RELEASE\spring-oxm-4.2.6.RELEASE.jar;D:\java_jar\repository\org\springframework\spring-tx\4.2.6.RELEASE\spring-tx-4.2.6.RELEASE.jar;D:\java_jar\repository\org\springframework\spring-jdbc\4.2.6.RELEASE\spring-jdbc-4.2.6.RELEASE.jar;D:\java_jar\repository\org\springframework\spring-webmvc\4.2.6.RELEASE\spring-webmvc-4.2.6.RELEASE.jar;D:\java_jar\repository\org\springframework\spring-expression\4.2.6.RELEASE\spring-expression-4.2.6.RELEASE.jar;D:\java_jar\repository\org\springframework\spring-aop\4.2.6.RELEASE\spring-aop-4.2.6.RELEASE.jar;D:\java_jar\repository\aopalliance\aopalliance\1.0\aopalliance-1.0.jar;D:\java_jar\repository\org\springframework\spring-context-support\4.2.6.RELEASE\spring-context-support-4.2.6.RELEASE.jar;D:\java_jar\repository\org\springframework\spring-test\4.2.6.RELEASE\spring-test-4.2.6.RELEASE.jar;D:\java_jar\repository\org\mybatis\mybatis\3.4.0\mybatis-3.4.0.jar;D:\java_jar\repository\org\mybatis\mybatis-spring\1.3.0\mybatis-spring-1.3.0.jar;D:\java_jar\repository\javax\mail\mail\1.4\mail-1.4.jar;D:\java_jar\repository\javax\activation\activation\1.1\activation-1.1.jar;D:\java_jar\repository\mysql\mysql-connector-java\8.0.12\mysql-connector-java-8.0.12.jar;D:\java_jar\repository\com\google\protobuf\protobuf-java\2.6.0\protobuf-java-2.6.0.jar;D:\java_jar\repository\commons-dbcp\commons-dbcp\1.2.2\commons-dbcp-1.2.2.jar;D:\java_jar\repository\commons-pool\commons-pool\1.3\commons-pool-1.3.jar;D:\java_jar\repository\jstl\jstl\1.2\jstl-1.2.jar;D:\java_jar\repository\log4j\log4j\1.2.17\log4j-1.2.17.jar;D:\java_jar\repository\com\alibaba\fastjson\1.1.41\fastjson-1.1.41.jar;D:\java_jar\repository\org\slf4j\slf4j-api\1.7.7\slf4j-api-1.7.7.jar;D:\java_jar\repository\org\slf4j\slf4j-log4j12\1.7.7\slf4j-log4j12-1.7.7.jar;D:\java_jar\repository\com\fasterxml\jackson\core\jackson-core\2.7.1\jackson-core-2.7.1.jar;D:\java_jar\repository\com\fasterxml\jackson\core\jackson-databind\2.7.1\jackson-databind-2.7.1.jar;D:\java_jar\repository\com\fasterxml\jackson\core\jackson-annotations\2.7.1\jackson-annotations-2.7.1.jar;"/>
    <property name="java.vm.vendor" value="Oracle Corporation"/>
    <property name="sun.arch.data.model" value="64"/>
    <property name="user.variant" value=""/>
    <property name="java.vendor.url" value="http://java.oracle.com/"/>
    <property name="user.timezone" value=""/>
    <property name="java.vm.specification.version" value="1.8"/>
    <property name="os.name" value="Windows 10"/>
    <property name="user.country" value="CN"/>
    <property name="sun.java.launcher" value="SUN_STANDARD"/>
    <property name="sun.boot.library.path" value="D:\install_path\java8\jre\bin"/>
    <property name="sun.java.command" value="C:\Users\XIEXIN~1\AppData\Local\Temp\surefire2245211591665811499\surefirebooter2221106145462139679.jar C:\Users\xiexinjia\AppData\Local\Temp\surefire2245211591665811499 2018-09-05T22-54-57_507-jvmRun1 surefire6568924003394800757tmp surefire_07830579994263883107tmp"/>
    <property name="surefire.test.class.path" value="D:\myCode\tech-fearless\mybatis-code\target\test-classes;D:\myCode\tech-fearless\mybatis-code\target\classes;D:\java_jar\repository\junit\junit\4.11\junit-4.11.jar;D:\java_jar\repository\org\hamcrest\hamcrest-core\1.3\hamcrest-core-1.3.jar;D:\java_jar\repository\org\springframework\spring-core\4.2.6.RELEASE\spring-core-4.2.6.RELEASE.jar;D:\java_jar\repository\commons-logging\commons-logging\1.2\commons-logging-1.2.jar;D:\java_jar\repository\org\springframework\spring-web\4.2.6.RELEASE\spring-web-4.2.6.RELEASE.jar;D:\java_jar\repository\org\springframework\spring-beans\4.2.6.RELEASE\spring-beans-4.2.6.RELEASE.jar;D:\java_jar\repository\org\springframework\spring-context\4.2.6.RELEASE\spring-context-4.2.6.RELEASE.jar;D:\java_jar\repository\org\springframework\spring-oxm\4.2.6.RELEASE\spring-oxm-4.2.6.RELEASE.jar;D:\java_jar\repository\org\springframework\spring-tx\4.2.6.RELEASE\spring-tx-4.2.6.RELEASE.jar;D:\java_jar\repository\org\springframework\spring-jdbc\4.2.6.RELEASE\spring-jdbc-4.2.6.RELEASE.jar;D:\java_jar\repository\org\springframework\spring-webmvc\4.2.6.RELEASE\spring-webmvc-4.2.6.RELEASE.jar;D:\java_jar\repository\org\springframework\spring-expression\4.2.6.RELEASE\spring-expression-4.2.6.RELEASE.jar;D:\java_jar\repository\org\springframework\spring-aop\4.2.6.RELEASE\spring-aop-4.2.6.RELEASE.jar;D:\java_jar\repository\aopalliance\aopalliance\1.0\aopalliance-1.0.jar;D:\java_jar\repository\org\springframework\spring-context-support\4.2.6.RELEASE\spring-context-support-4.2.6.RELEASE.jar;D:\java_jar\repository\org\springframework\spring-test\4.2.6.RELEASE\spring-test-4.2.6.RELEASE.jar;D:\java_jar\repository\org\mybatis\mybatis\3.4.0\mybatis-3.4.0.jar;D:\java_jar\repository\org\mybatis\mybatis-spring\1.3.0\mybatis-spring-1.3.0.jar;D:\java_jar\repository\javax\mail\mail\1.4\mail-1.4.jar;D:\java_jar\repository\javax\activation\activation\1.1\activation-1.1.jar;D:\java_jar\repository\mysql\mysql-connector-java\8.0.12\mysql-connector-java-8.0.12.jar;D:\java_jar\repository\com\google\protobuf\protobuf-java\2.6.0\protobuf-java-2.6.0.jar;D:\java_jar\repository\commons-dbcp\commons-dbcp\1.2.2\commons-dbcp-1.2.2.jar;D:\java_jar\repository\commons-pool\commons-pool\1.3\commons-pool-1.3.jar;D:\java_jar\repository\jstl\jstl\1.2\jstl-1.2.jar;D:\java_jar\repository\log4j\log4j\1.2.17\log4j-1.2.17.jar;D:\java_jar\repository\com\alibaba\fastjson\1.1.41\fastjson-1.1.41.jar;D:\java_jar\repository\org\slf4j\slf4j-api\1.7.7\slf4j-api-1.7.7.jar;D:\java_jar\repository\org\slf4j\slf4j-log4j12\1.7.7\slf4j-log4j12-1.7.7.jar;D:\java_jar\repository\com\fasterxml\jackson\core\jackson-core\2.7.1\jackson-core-2.7.1.jar;D:\java_jar\repository\com\fasterxml\jackson\core\jackson-databind\2.7.1\jackson-databind-2.7.1.jar;D:\java_jar\repository\com\fasterxml\jackson\core\jackson-annotations\2.7.1\jackson-annotations-2.7.1.jar;"/>
    <property name="sun.cpu.endian" value="little"/>
    <property name="user.home" value="C:\Users\xiexinjia"/>
    <property name="user.language" value="zh"/>
    <property name="java.specification.vendor" value="Oracle Corporation"/>
    <property name="java.home" value="D:\install_path\java8\jre"/>
    <property name="basedir" value="D:\myCode\tech-fearless\mybatis-code"/>
    <property name="file.separator" value="\"/>
    <property name="line.separator" value="&#10;"/>
    <property name="java.vm.specification.vendor" value="Oracle Corporation"/>
    <property name="java.specification.name" value="Java Platform API Specification"/>
    <property name="java.awt.graphicsenv" value="sun.awt.Win32GraphicsEnvironment"/>
    <property name="surefire.real.class.path" value="C:\Users\XIEXIN~1\AppData\Local\Temp\surefire2245211591665811499\surefirebooter2221106145462139679.jar"/>
    <property name="sun.boot.class.path" value="D:\install_path\java8\jre\lib\resources.jar;D:\install_path\java8\jre\lib\rt.jar;D:\install_path\java8\jre\lib\sunrsasign.jar;D:\install_path\java8\jre\lib\jsse.jar;D:\install_path\java8\jre\lib\jce.jar;D:\install_path\java8\jre\lib\charsets.jar;D:\install_path\java8\jre\lib\jfr.jar;D:\install_path\java8\jre\classes"/>
    <property name="user.script" value=""/>
    <property name="sun.management.compiler" value="HotSpot 64-Bit Tiered Compilers"/>
    <property name="java.runtime.version" value="1.8.0_181-b13"/>
    <property name="user.name" value="xiexinjia"/>
    <property name="path.separator" value=";"/>
    <property name="os.version" value="10.0"/>
    <property name="java.endorsed.dirs" value="D:\install_path\java8\jre\lib\endorsed"/>
    <property name="java.runtime.name" value="Java(TM) SE Runtime Environment"/>
    <property name="file.encoding" value="GBK"/>
    <property name="java.vm.name" value="Java HotSpot(TM) 64-Bit Server VM"/>
    <property name="localRepository" value="D:\java_jar\repository"/>
    <property name="java.vendor.url.bug" value="http://bugreport.sun.com/bugreport/"/>
    <property name="java.io.tmpdir" value="C:\Users\XIEXIN~1\AppData\Local\Temp\"/>
    <property name="idea.version" value="2018.2.2"/>
    <property name="java.version" value="1.8.0_181"/>
    <property name="user.dir" value="D:\myCode\tech-fearless\mybatis-code"/>
    <property name="os.arch" value="amd64"/>
    <property name="java.vm.specification.name" value="Java Virtual Machine Specification"/>
    <property name="java.awt.printerjob" value="sun.awt.windows.WPrinterJob"/>
    <property name="sun.os.patch.level" value=""/>
    <property name="java.library.path" value="D:\install_path\java8\jre\bin;C:\Windows\Sun\Java\bin;C:\Windows\system32;C:\Windows;D:\install_path\mysql\mysql\bin;D:\install_path\java8\bin;C:\Program Files (x86)\Common Files\Oracle\Java\javapath;C:\Windows\system32;C:\Windows;C:\Windows\System32\Wbem;C:\Windows\System32\WindowsPowerShell\v1.0\;C:\Windows\System32\OpenSSH\;C:\Program Files\Intel\WiFi\bin\;C:\Program Files\Common Files\Intel\WirelessCommon\;D:\install_path\Git\cmd;C:\Users\xiexinjia\AppData\Local\Microsoft\WindowsApps;D:\install_path\Bandizip\;."/>
    <property name="java.vm.info" value="mixed mode"/>
    <property name="java.vendor" value="Oracle Corporation"/>
    <property name="java.vm.version" value="25.181-b13"/>
    <property name="java.ext.dirs" value="D:\install_path\java8\jre\lib\ext;C:\Windows\Sun\Java\lib\ext"/>
    <property name="sun.io.unicode.encoding" value="UnicodeLittle"/>
    <property name="maven.repo.local" value="D:\java_jar\repository"/>
    <property name="java.class.version" value="52.0"/>
  </properties>
  <testcase name="shouldAnswerWithTrue" classname="com.tech.fearless.AppTest" time="0.002"/>
</testsuite>